<?xml version="1.0" encoding="UTF-8"?>
<!-- Generated by org.testng.reporters.JUnitReportReporter -->
<testsuite hostname="LAPTOP-B6R378P8" failures="0" tests="2" name="JyotshnaProject.AppiumTest" time="0.001" errors="0" timestamp="2020-01-30T20:58:15 IST" skipped="0">
  <testcase classname="JyotshnaProject.AppiumTest" name="AndroidTest" time="0.001"/>
  <system-out/>
  <testcase classname="JyotshnaProject.AppiumTest" name="IOSTest" time="0.000"/>
  <system-out/>
</testsuite> <!-- JyotshnaProject.AppiumTest -->
