<?xml version="1.0" encoding="UTF-8"?>
<!-- Generated by org.testng.reporters.JUnitReportReporter -->
<testsuite hostname="LAPTOP-B6R378P8" failures="0" tests="2" name="JyotshnaProject.RESTAPITest" time="0.004" errors="0" timestamp="2020-01-30T20:58:29 IST" skipped="0">
  <testcase classname="JyotshnaProject.RESTAPITest" name="DeleteTwitter" time="0.004"/>
  <system-out/>
  <testcase classname="JyotshnaProject.RESTAPITest" name="PostJira" time="0.000"/>
  <system-out/>
</testsuite> <!-- JyotshnaProject.RESTAPITest -->
