<?xml version="1.0" encoding="UTF-8"?>
<!-- Generated by org.testng.reporters.JUnitReportReporter -->
<testsuite hostname="LAPTOP-B6R378P8" failures="0" tests="2" name="JyotshnaProject.SeleniumTest" time="0.002" errors="0" timestamp="2020-01-30T20:58:29 IST" skipped="0">
  <testcase classname="JyotshnaProject.SeleniumTest" name="BrowserAutomation" time="0.002"/>
  <system-out/>
  <testcase classname="JyotshnaProject.SeleniumTest" name="elementsUI" time="0.000"/>
  <system-out/>
</testsuite> <!-- JyotshnaProject.SeleniumTest -->
